Using pre-set license
Built from '2020.3/staging' branch; Version is '2020.3.16f1 (049d6eca3c44) revision 302446'; Using compiler version '192528614'; Build Type 'Release'
OS: 'Windows 10 Home; OS build 19043.1110; Version 2009; 64bit' Language: 'en' Physical Memory: 30597 MB
BatchMode: 1, IsHumanControllingUs: 0, StartBugReporterOnCrash: 0, Is64bit: 1, IsPro: 0

 COMMAND LINE ARGUMENTS:
C:\Program Files\Unity\Hub\Editor\2020.3.15f2\Editor\Unity.exe
-adb2
-batchMode
-noUpm
-name
AssetImportWorker0
-projectPath
C:/Applications/checkpoint racing/checkpointracing
-logFile
Logs/AssetImportWorker0.log
-srvPort
60597
Successfully changed project path to: C:/Applications/checkpoint racing/checkpointracing
C:/Applications/checkpoint racing/checkpointracing
Using Asset Import Pipeline V2.
Refreshing native plugins compatible for Editor in 37.72 ms, found 2 plugins.
Preloading 0 native plugins for Editor in 0.00 ms.
Initialize engine version: 2020.3.16f1 (049d6eca3c44)
[Subsystems] Discovering subsystems at path C:/Program Files/Unity/Hub/Editor/2020.3.15f2/Editor/Data/Resources/UnitySubsystems
[Subsystems] Discovering subsystems at path C:/Applications/checkpoint racing/checkpointracing/Assets
GfxDevice: creating device client; threaded=0
Direct3D:
    Version:  Direct3D 11.0 [level 11.1]
    Renderer: NVIDIA GeForce GTX 1050 (ID=0x1c91)
    Vendor:   
    VRAM:     2996 MB
    Driver:   27.21.14.6280
Initialize mono
Mono path[0] = 'C:/Program Files/Unity/Hub/Editor/2020.3.15f2/Editor/Data/Managed'
Mono path[1] = 'C:/Program Files/Unity/Hub/Editor/2020.3.15f2/Editor/Data/MonoBleedingEdge/lib/mono/unityjit'
Mono config path = 'C:/Program Files/Unity/Hub/Editor/2020.3.15f2/Editor/Data/MonoBleedingEdge/etc'
Using monoOptions --debugger-agent=transport=dt_socket,embedding=1,server=y,suspend=n,address=127.0.0.1:56948
Begin MonoManager ReloadAssembly
Registering precompiled unity dll's ...
Register platform support module: C:/Program Files/Unity/Hub/Editor/2020.3.15f2/Editor/Data/PlaybackEngines/WebGLSupport/UnityEditor.WebGL.Extensions.dll
Register platform support module: C:/Program Files/Unity/Hub/Editor/2020.3.15f2/Editor/Data/PlaybackEngines/WindowsStandaloneSupport/UnityEditor.WindowsStandalone.Extensions.dll
Registered in 0.003573 seconds.
Native extension for WindowsStandalone target not found
Native extension for WebGL target not found
Refreshing native plugins compatible for Editor in 33.66 ms, found 2 plugins.
Preloading 0 native plugins for Editor in 0.00 ms.
Mono: successfully reloaded assembly
- Completed reload, in  1.539 seconds
Domain Reload Profiling:
	ReloadAssembly (1539ms)
		BeginReloadAssembly (73ms)
			ExecutionOrderSort (0ms)
			DisableScriptedObjects (0ms)
			BackupInstance (0ms)
			ReleaseScriptingObjects (0ms)
			CreateAndSetChildDomain (1ms)
		EndReloadAssembly (511ms)
			LoadAssemblies (70ms)
			RebuildTransferFunctionScriptingTraits (0ms)
			SetupTypeCache (189ms)
			ReleaseScriptCaches (0ms)
			RebuildScriptCaches (36ms)
			SetupLoadedEditorAssemblies (194ms)
				LogAssemblyErrors (0ms)
				InitializePlatformSupportModulesInManaged (6ms)
				SetLoadedEditorAssemblies (0ms)
				RefreshPlugins (34ms)
				BeforeProcessingInitializeOnLoad (12ms)
				ProcessInitializeOnLoadAttributes (103ms)
				ProcessInitializeOnLoadMethodAttributes (39ms)
				AfterProcessingInitializeOnLoad (0ms)
				EditorAssembliesLoaded (0ms)
			ExecutionOrderSort2 (0ms)
			AwakeInstancesAfterBackupRestoration (0ms)
Platform modules already initialized, skipping
Registering precompiled user dll's ...
Registered in 0.005546 seconds.
Begin MonoManager ReloadAssembly
Native extension for WindowsStandalone target not found
Native extension for WebGL target not found
Refreshing native plugins compatible for Editor in 0.41 ms, found 2 plugins.
Preloading 0 native plugins for Editor in 0.00 ms.
Mono: successfully reloaded assembly
- Completed reload, in  1.360 seconds
Domain Reload Profiling:
	ReloadAssembly (1362ms)
		BeginReloadAssembly (181ms)
			ExecutionOrderSort (0ms)
			DisableScriptedObjects (6ms)
			BackupInstance (0ms)
			ReleaseScriptingObjects (0ms)
			CreateAndSetChildDomain (22ms)
		EndReloadAssembly (1095ms)
			LoadAssemblies (108ms)
			RebuildTransferFunctionScriptingTraits (0ms)
			SetupTypeCache (341ms)
			ReleaseScriptCaches (1ms)
			RebuildScriptCaches (50ms)
			SetupLoadedEditorAssemblies (482ms)
				LogAssemblyErrors (0ms)
				InitializePlatformSupportModulesInManaged (8ms)
				SetLoadedEditorAssemblies (1ms)
				RefreshPlugins (1ms)
				BeforeProcessingInitializeOnLoad (72ms)
				ProcessInitializeOnLoadAttributes (383ms)
				ProcessInitializeOnLoadMethodAttributes (5ms)
				AfterProcessingInitializeOnLoad (12ms)
				EditorAssembliesLoaded (0ms)
			ExecutionOrderSort2 (0ms)
			AwakeInstancesAfterBackupRestoration (9ms)
Platform modules already initialized, skipping
========================================================================
Worker process is ready to serve import requests
Launched and connected shader compiler UnityShaderCompiler.exe after 0.08 seconds
Refreshing native plugins compatible for Editor in 0.40 ms, found 2 plugins.
Preloading 0 native plugins for Editor in 0.00 ms.
Unloading 1399 Unused Serialized files (Serialized files now loaded: 0)
System memory in use before: 65.0 MB.
System memory in use after: 65.1 MB.

Unloading 18 unused Assets to reduce memory usage. Loaded Objects now: 1832.
Total: 3.892600 ms (FindLiveObjects: 0.202200 ms CreateObjectMapping: 0.042400 ms MarkObjects: 3.550500 ms  DeleteObjects: 0.095800 ms)

AssetImportParameters requested are different than current active one (requested -> active):
  custom:framework-win-MediaFoundation: 216162199b28c13a410421893ffa2e32 -> 
  custom:video-decoder-ogg-theora: a1e56fd34408186e4bbccfd4996cb3dc -> 
  custom:container-muxer-webm: aa71ff27fc2769a1b78a27578f13a17b -> 
  custom:container-demuxer-webm: 4f35f7cbe854078d1ac9338744f61a02 -> 
  custom:container-demuxer-ogg: 62fdf1f143b41e24485cea50d1cbac27 -> 
  custom:video-encoder-webm-vp8: eb34c28f22e8b96e1ab97ce403110664 -> 
  custom:video-decoder-webm-vp8: 9c59270c3fd7afecdb556c50c9e8de78 -> 
  custom:audio-decoder-ogg-vorbis: bf7c407c2cedff20999df2af8eb42d56 -> 
  custom:audio-encoder-webm-vorbis: bf7c407c2cedff20999df2af8eb42d56 -> 
========================================================================
Received Import Request.
  path: Packages/com.unity.ext.nunit
  artifactKey: Guid(25a477c2f24db8778a4179421a32cc21) Importer(815301076,1909f56bfc062723c751e8b465ee728b)
Start importing Packages/com.unity.ext.nunit using Guid(25a477c2f24db8778a4179421a32cc21) Importer(815301076,1909f56bfc062723c751e8b465ee728b)  -> (artifact id: 'de8b3f671dc9f0a57b867a67d4aae8de') in 0.012224 seconds 
  Import took 0.015188 seconds .

========================================================================
Received Import Request.
  Time since last request: 0.000223 seconds.
  path: Packages/com.unity.ext.nunit/package.json
  artifactKey: Guid(8143d3a8390f2c64685e3bc272bd9e90) Importer(815301076,1909f56bfc062723c751e8b465ee728b)
Start importing Packages/com.unity.ext.nunit/package.json using Guid(8143d3a8390f2c64685e3bc272bd9e90) Importer(815301076,1909f56bfc062723c751e8b465ee728b)  -> (artifact id: '36f449bd9ed4a92e06d659da724da745') in 0.120793 seconds 
  Import took 0.123327 seconds .

========================================================================
Received Import Request.
  Time since last request: 1326.802258 seconds.
  path: Assets/POLYGON city pack/Prefabs
  artifactKey: Guid(55c50c4d813fe7140a42d24d27cfa7fc) Importer(815301076,1909f56bfc062723c751e8b465ee728b)
Start importing Assets/POLYGON city pack/Prefabs using Guid(55c50c4d813fe7140a42d24d27cfa7fc) Importer(815301076,1909f56bfc062723c751e8b465ee728b)  -> (artifact id: 'e3f47d3b7d94590cbf43e3c421059c8b') in 0.009525 seconds 
  Import took 0.013342 seconds .

========================================================================
Received Import Request.
  Time since last request: 1.456539 seconds.
  path: Assets/POLYGON city pack/Prefabs/Buildings
  artifactKey: Guid(a56c14f3d9b631d4d8914c91cc3d33f3) Importer(815301076,1909f56bfc062723c751e8b465ee728b)
Start importing Assets/POLYGON city pack/Prefabs/Buildings using Guid(a56c14f3d9b631d4d8914c91cc3d33f3) Importer(815301076,1909f56bfc062723c751e8b465ee728b)  -> (artifact id: '2ba6ef00b52d03105b35668cb5c021ad') in 0.021317 seconds 
  Import took 0.024570 seconds .

========================================================================
Received Import Request.
  Time since last request: 0.080859 seconds.
  path: Assets/POLYGON city pack/Prefabs/Buildings/Bank_prefab.prefab
  artifactKey: Guid(2c1f60045e2f58f48966f8cea8354944) Importer(815301076,1909f56bfc062723c751e8b465ee728b)
Start importing Assets/POLYGON city pack/Prefabs/Buildings/Bank_prefab.prefab using Guid(2c1f60045e2f58f48966f8cea8354944) Importer(815301076,1909f56bfc062723c751e8b465ee728b)  -> (artifact id: 'e8fe375d7edbad8e77a1747b34f278f2') in 0.120253 seconds 
  Import took 0.123742 seconds .

========================================================================
Received Import Request.
  Time since last request: 0.000203 seconds.
  path: Assets/POLYGON city pack/Prefabs/Buildings/Building_I_2_Prefab.prefab
  artifactKey: Guid(1e198ff9400b5064c816d8f779eff296) Importer(815301076,1909f56bfc062723c751e8b465ee728b)
Start importing Assets/POLYGON city pack/Prefabs/Buildings/Building_I_2_Prefab.prefab using Guid(1e198ff9400b5064c816d8f779eff296) Importer(815301076,1909f56bfc062723c751e8b465ee728b)  -> (artifact id: 'f9b386cae9617bdcf91aa61202d7908a') in 0.035720 seconds 
  Import took 0.038631 seconds .

========================================================================
Received Import Request.
  Time since last request: 0.000244 seconds.
  path: Assets/POLYGON city pack/Prefabs/Buildings/Gas_station_A_PREFAB.prefab
  artifactKey: Guid(01bbe20c855564648b02e0092e511cac) Importer(815301076,1909f56bfc062723c751e8b465ee728b)
Start importing Assets/POLYGON city pack/Prefabs/Buildings/Gas_station_A_PREFAB.prefab using Guid(01bbe20c855564648b02e0092e511cac) Importer(815301076,1909f56bfc062723c751e8b465ee728b)  -> (artifact id: 'd258b63d262c3c553f1069624a22302e') in 0.163853 seconds 
  Import took 0.166827 seconds .

========================================================================
Received Import Request.
  Time since last request: 0.000205 seconds.
  path: Assets/POLYGON city pack/Prefabs/Buildings/Building_Y_prefab.prefab
  artifactKey: Guid(b62a88683020bad4f88cd9c883281901) Importer(815301076,1909f56bfc062723c751e8b465ee728b)
Start importing Assets/POLYGON city pack/Prefabs/Buildings/Building_Y_prefab.prefab using Guid(b62a88683020bad4f88cd9c883281901) Importer(815301076,1909f56bfc062723c751e8b465ee728b)  -> (artifact id: '7435e98cd9d1a1259b953e6f41d336b8') in 0.022867 seconds 
  Import took 0.026040 seconds .

========================================================================
Received Import Request.
  Time since last request: 0.000328 seconds.
  path: Assets/POLYGON city pack/Prefabs/Buildings/Building_F_prefab.prefab
  artifactKey: Guid(406aca78ed1cb18449485b10b9cffa85) Importer(815301076,1909f56bfc062723c751e8b465ee728b)
Start importing Assets/POLYGON city pack/Prefabs/Buildings/Building_F_prefab.prefab using Guid(406aca78ed1cb18449485b10b9cffa85) Importer(815301076,1909f56bfc062723c751e8b465ee728b)  -> (artifact id: '8b7af72930328e25ddbded32a3960b8b') in 0.028314 seconds 
  Import took 0.031743 seconds .

========================================================================
Received Import Request.
  Time since last request: 0.000220 seconds.
  path: Assets/POLYGON city pack/Prefabs/Buildings/Building_I_1_prefab.prefab
  artifactKey: Guid(931ecb32d754b3f40afc9a688c8cea66) Importer(815301076,1909f56bfc062723c751e8b465ee728b)
Start importing Assets/POLYGON city pack/Prefabs/Buildings/Building_I_1_prefab.prefab using Guid(931ecb32d754b3f40afc9a688c8cea66) Importer(815301076,1909f56bfc062723c751e8b465ee728b)  -> (artifact id: '0a20b3e7121df4da1c5f67295619f6de') in 0.026786 seconds 
  Import took 0.030621 seconds .

========================================================================
Received Import Request.
  Time since last request: 0.000247 seconds.
  path: Assets/POLYGON city pack/Prefabs/Buildings/Building_W_prefab.prefab
  artifactKey: Guid(daa1a100f65deb34787ae1bb55d44a76) Importer(815301076,1909f56bfc062723c751e8b465ee728b)
Start importing Assets/POLYGON city pack/Prefabs/Buildings/Building_W_prefab.prefab using Guid(daa1a100f65deb34787ae1bb55d44a76) Importer(815301076,1909f56bfc062723c751e8b465ee728b)  -> (artifact id: '6b32a6540aed27996a0e2c4fe4e114cb') in 0.024684 seconds 
  Import took 0.027853 seconds .

========================================================================
Received Import Request.
  Time since last request: 0.000242 seconds.
  path: Assets/POLYGON city pack/Prefabs/Buildings/Building_B1_prefab.prefab
  artifactKey: Guid(a60988b24f8ff094ba511054edf48a9d) Importer(815301076,1909f56bfc062723c751e8b465ee728b)
Start importing Assets/POLYGON city pack/Prefabs/Buildings/Building_B1_prefab.prefab using Guid(a60988b24f8ff094ba511054edf48a9d) Importer(815301076,1909f56bfc062723c751e8b465ee728b)  -> (artifact id: '6538e4c71234073e769b482f46884791') in 0.028806 seconds 
  Import took 0.031960 seconds .

========================================================================
Received Import Request.
  Time since last request: 0.000203 seconds.
  path: Assets/POLYGON city pack/Prefabs/Buildings/Building_M_prefab.prefab
  artifactKey: Guid(84bb406b82cecb24cb1ffe5d4359339d) Importer(815301076,1909f56bfc062723c751e8b465ee728b)
Start importing Assets/POLYGON city pack/Prefabs/Buildings/Building_M_prefab.prefab using Guid(84bb406b82cecb24cb1ffe5d4359339d) Importer(815301076,1909f56bfc062723c751e8b465ee728b)  -> (artifact id: 'fdead6a4da874dff8d3981f32f1a946e') in 0.023997 seconds 
  Import took 0.027517 seconds .

========================================================================
Received Import Request.
  Time since last request: 0.000229 seconds.
  path: Assets/POLYGON city pack/Prefabs/Buildings/Motel_prefab.prefab
  artifactKey: Guid(d9ae8f6b23fb5a54584fb5b5ada007dc) Importer(815301076,1909f56bfc062723c751e8b465ee728b)
Start importing Assets/POLYGON city pack/Prefabs/Buildings/Motel_prefab.prefab using Guid(d9ae8f6b23fb5a54584fb5b5ada007dc) Importer(815301076,1909f56bfc062723c751e8b465ee728b)  -> (artifact id: '5ec8a27a03de68ec90d400d2e2809da9') in 0.028590 seconds 
  Import took 0.032045 seconds .

========================================================================
Received Import Request.
  Time since last request: 0.000282 seconds.
  path: Assets/POLYGON city pack/Prefabs/Buildings/Police_station_prefab.prefab
  artifactKey: Guid(28e73319f340c644db3fdb95596c6596) Importer(815301076,1909f56bfc062723c751e8b465ee728b)
Start importing Assets/POLYGON city pack/Prefabs/Buildings/Police_station_prefab.prefab using Guid(28e73319f340c644db3fdb95596c6596) Importer(815301076,1909f56bfc062723c751e8b465ee728b)  -> (artifact id: 'a79abaa8e334cae1f134a8242bee605b') in 0.032727 seconds 
  Import took 0.036329 seconds .

========================================================================
Received Import Request.
  Time since last request: 0.000232 seconds.
  path: Assets/POLYGON city pack/Prefabs/Buildings/Shop_A_prefab.prefab
  artifactKey: Guid(49e4fbb0397806849a4871cd85eaca26) Importer(815301076,1909f56bfc062723c751e8b465ee728b)
Start importing Assets/POLYGON city pack/Prefabs/Buildings/Shop_A_prefab.prefab using Guid(49e4fbb0397806849a4871cd85eaca26) Importer(815301076,1909f56bfc062723c751e8b465ee728b)  -> (artifact id: 'f6970cc6b1e98ae40dd2624d6fe8a6db') in 0.032966 seconds 
  Import took 0.037117 seconds .

========================================================================
Received Import Request.
  Time since last request: 0.000301 seconds.
  path: Assets/POLYGON city pack/Prefabs/Buildings/Building_A1_prefab.prefab
  artifactKey: Guid(562df8355904213468a690c4ce6740b6) Importer(815301076,1909f56bfc062723c751e8b465ee728b)
Start importing Assets/POLYGON city pack/Prefabs/Buildings/Building_A1_prefab.prefab using Guid(562df8355904213468a690c4ce6740b6) Importer(815301076,1909f56bfc062723c751e8b465ee728b)  -> (artifact id: 'fdaca5b6ea57b0680d480154d1974c2f') in 0.025459 seconds 
  Import took 0.028964 seconds .

========================================================================
Received Import Request.
  Time since last request: 0.000288 seconds.
  path: Assets/POLYGON city pack/Prefabs/Buildings/Building_p_prefab.prefab
  artifactKey: Guid(cb91b3980066872409d19e753a241063) Importer(815301076,1909f56bfc062723c751e8b465ee728b)
Start importing Assets/POLYGON city pack/Prefabs/Buildings/Building_p_prefab.prefab using Guid(cb91b3980066872409d19e753a241063) Importer(815301076,1909f56bfc062723c751e8b465ee728b)  -> (artifact id: '57577f523548a1cdb52d7c18344bb28e') in 0.025345 seconds 
  Import took 0.028988 seconds .

========================================================================
Received Import Request.
  Time since last request: 0.000213 seconds.
  path: Assets/POLYGON city pack/Prefabs/Buildings/Building_N_Prefab.prefab
  artifactKey: Guid(bbad862e7e06efe4a8ad0346a53e3cde) Importer(815301076,1909f56bfc062723c751e8b465ee728b)
Start importing Assets/POLYGON city pack/Prefabs/Buildings/Building_N_Prefab.prefab using Guid(bbad862e7e06efe4a8ad0346a53e3cde) Importer(815301076,1909f56bfc062723c751e8b465ee728b)  -> (artifact id: 'dac1b616f8f0b9c75144c079a5bafc4f') in 0.044752 seconds 
  Import took 0.048209 seconds .

========================================================================
Received Import Request.
  Time since last request: 0.000218 seconds.
  path: Assets/POLYGON city pack/Prefabs/Buildings/Fire_department_prefab.prefab
  artifactKey: Guid(7eb437ce89e76c640809f70f15bde317) Importer(815301076,1909f56bfc062723c751e8b465ee728b)
Start importing Assets/POLYGON city pack/Prefabs/Buildings/Fire_department_prefab.prefab using Guid(7eb437ce89e76c640809f70f15bde317) Importer(815301076,1909f56bfc062723c751e8b465ee728b)  -> (artifact id: 'd69bc487b0df22510c229e99899d6f4f') in 0.027443 seconds 
  Import took 0.030818 seconds .

========================================================================
Received Import Request.
  Time since last request: 0.000326 seconds.
  path: Assets/POLYGON city pack/Prefabs/Buildings/Build_G-middle_Prefab.prefab
  artifactKey: Guid(ebaffde1b4ae7fb47849063a9a520747) Importer(815301076,1909f56bfc062723c751e8b465ee728b)
Start importing Assets/POLYGON city pack/Prefabs/Buildings/Build_G-middle_Prefab.prefab using Guid(ebaffde1b4ae7fb47849063a9a520747) Importer(815301076,1909f56bfc062723c751e8b465ee728b)  -> (artifact id: '92e5c1b7ed4565bfe9788f18fec23373') in 0.023484 seconds 
  Import took 0.026959 seconds .

========================================================================
Received Import Request.
  Time since last request: 0.000266 seconds.
  path: Assets/POLYGON city pack/Prefabs/Buildings/Bulding_C_prefab 1.prefab
  artifactKey: Guid(80f1713dca16e654abd9002f6e9f5627) Importer(815301076,1909f56bfc062723c751e8b465ee728b)
Start importing Assets/POLYGON city pack/Prefabs/Buildings/Bulding_C_prefab 1.prefab using Guid(80f1713dca16e654abd9002f6e9f5627) Importer(815301076,1909f56bfc062723c751e8b465ee728b)  -> (artifact id: '846444b20f02248a0f2ae92947ae1062') in 0.026249 seconds 
  Import took 0.029410 seconds .

========================================================================
Received Import Request.
  Time since last request: 0.000267 seconds.
  path: Assets/POLYGON city pack/Prefabs/Buildings/Building_T_prefab.prefab
  artifactKey: Guid(90045d2ccf59b6f45afd8bab908bb038) Importer(815301076,1909f56bfc062723c751e8b465ee728b)
Start importing Assets/POLYGON city pack/Prefabs/Buildings/Building_T_prefab.prefab using Guid(90045d2ccf59b6f45afd8bab908bb038) Importer(815301076,1909f56bfc062723c751e8b465ee728b)  -> (artifact id: '92f142740d935310691965b211eceb19') in 0.027253 seconds 
  Import took 0.030573 seconds .

========================================================================
Received Import Request.
  Time since last request: 0.000269 seconds.
  path: Assets/POLYGON city pack/Prefabs/Buildings/Supermaket_prefab.prefab
  artifactKey: Guid(c6e50eec7153f5b45ac3917fb6cfd06a) Importer(815301076,1909f56bfc062723c751e8b465ee728b)
Start importing Assets/POLYGON city pack/Prefabs/Buildings/Supermaket_prefab.prefab using Guid(c6e50eec7153f5b45ac3917fb6cfd06a) Importer(815301076,1909f56bfc062723c751e8b465ee728b)  -> (artifact id: '39cd5d0e4b23ce22822003ea629acd4f') in 0.032350 seconds 
  Import took 0.036488 seconds .

========================================================================
Received Import Request.
  Time since last request: 0.000223 seconds.
  path: Assets/POLYGON city pack/Prefabs/Buildings/Building_I_3_prefab.prefab
  artifactKey: Guid(6f3dc1314311772438667865ceda9b08) Importer(815301076,1909f56bfc062723c751e8b465ee728b)
Start importing Assets/POLYGON city pack/Prefabs/Buildings/Building_I_3_prefab.prefab using Guid(6f3dc1314311772438667865ceda9b08) Importer(815301076,1909f56bfc062723c751e8b465ee728b)  -> (artifact id: '84473b4dcfc658310000b39816d4aa97') in 0.025862 seconds 
  Import took 0.029311 seconds .

========================================================================
Received Import Request.
  Time since last request: 0.000233 seconds.
  path: Assets/POLYGON city pack/Prefabs/Buildings/Building_D1_prefab.prefab
  artifactKey: Guid(f9526b7c12770f14aa830082aa6d9b45) Importer(815301076,1909f56bfc062723c751e8b465ee728b)
Start importing Assets/POLYGON city pack/Prefabs/Buildings/Building_D1_prefab.prefab using Guid(f9526b7c12770f14aa830082aa6d9b45) Importer(815301076,1909f56bfc062723c751e8b465ee728b)  -> (artifact id: 'a86f22bbb3b28d696777aeb34382e585') in 0.035025 seconds 
  Import took 0.038680 seconds .

========================================================================
Received Import Request.
  Time since last request: 0.000209 seconds.
  path: Assets/POLYGON city pack/Prefabs/Buildings/Building_K_prefab.prefab
  artifactKey: Guid(ac16a24c584766f4e905adc7db85b93d) Importer(815301076,1909f56bfc062723c751e8b465ee728b)
Start importing Assets/POLYGON city pack/Prefabs/Buildings/Building_K_prefab.prefab using Guid(ac16a24c584766f4e905adc7db85b93d) Importer(815301076,1909f56bfc062723c751e8b465ee728b)  -> (artifact id: '5ba6965412a67c77e2947e5f05fddb12') in 0.040693 seconds 
  Import took 0.044625 seconds .

========================================================================
Received Import Request.
  Time since last request: 0.000304 seconds.
  path: Assets/POLYGON city pack/Prefabs/Buildings/Building_A_prefab.prefab
  artifactKey: Guid(ba33f5f0a254c9443956b40146028648) Importer(815301076,1909f56bfc062723c751e8b465ee728b)
Start importing Assets/POLYGON city pack/Prefabs/Buildings/Building_A_prefab.prefab using Guid(ba33f5f0a254c9443956b40146028648) Importer(815301076,1909f56bfc062723c751e8b465ee728b)  -> (artifact id: 'b53bce2acd25ad7fe165ee3038518335') in 0.027720 seconds 
  Import took 0.031566 seconds .

========================================================================
Received Import Request.
  Time since last request: 0.000276 seconds.
  path: Assets/POLYGON city pack/Prefabs/Buildings/Building_O_PREFAB.prefab
  artifactKey: Guid(4410dff019705d648959a9ceea02bfbb) Importer(815301076,1909f56bfc062723c751e8b465ee728b)
Start importing Assets/POLYGON city pack/Prefabs/Buildings/Building_O_PREFAB.prefab using Guid(4410dff019705d648959a9ceea02bfbb) Importer(815301076,1909f56bfc062723c751e8b465ee728b)  -> (artifact id: 'c5731540ff3d72aad1bd9f30cbc2d9b6') in 0.033113 seconds 
  Import took 0.036770 seconds .

========================================================================
Received Import Request.
  Time since last request: 0.000301 seconds.
  path: Assets/POLYGON city pack/Prefabs/Buildings/Shop_C_prefab.prefab
  artifactKey: Guid(1b917d070ca78d8458d7db3681a2c913) Importer(815301076,1909f56bfc062723c751e8b465ee728b)
Start importing Assets/POLYGON city pack/Prefabs/Buildings/Shop_C_prefab.prefab using Guid(1b917d070ca78d8458d7db3681a2c913) Importer(815301076,1909f56bfc062723c751e8b465ee728b)  -> (artifact id: '42e1a11e8bd48cb20012faa7bf822015') in 0.035102 seconds 
  Import took 0.038690 seconds .

========================================================================
Received Import Request.
  Time since last request: 0.000202 seconds.
  path: Assets/POLYGON city pack/Prefabs/Buildings/Building_u_prefab.prefab
  artifactKey: Guid(150fadf88f51c2b4b9b7b62af8d39db9) Importer(815301076,1909f56bfc062723c751e8b465ee728b)
Start importing Assets/POLYGON city pack/Prefabs/Buildings/Building_u_prefab.prefab using Guid(150fadf88f51c2b4b9b7b62af8d39db9) Importer(815301076,1909f56bfc062723c751e8b465ee728b)  -> (artifact id: '7836dd68a0acf6c471c7e3e15b9b97e4') in 0.025407 seconds 
  Import took 0.028620 seconds .

========================================================================
Received Import Request.
  Time since last request: 0.000235 seconds.
  path: Assets/POLYGON city pack/Prefabs/Buildings/Building_H_prefab.prefab
  artifactKey: Guid(c8c7944afbb63f548bf2b2bddd8a848f) Importer(815301076,1909f56bfc062723c751e8b465ee728b)
Start importing Assets/POLYGON city pack/Prefabs/Buildings/Building_H_prefab.prefab using Guid(c8c7944afbb63f548bf2b2bddd8a848f) Importer(815301076,1909f56bfc062723c751e8b465ee728b)  -> (artifact id: 'ec0bddeb8eeedd43a2c0c36ade41c6f2') in 0.025576 seconds 
  Import took 0.029098 seconds .

========================================================================
Received Import Request.
  Time since last request: 0.000242 seconds.
  path: Assets/POLYGON city pack/Prefabs/Buildings/Building_R_Prefab.prefab
  artifactKey: Guid(332e08e35cda1b84e8c36c123299b8ac) Importer(815301076,1909f56bfc062723c751e8b465ee728b)
Start importing Assets/POLYGON city pack/Prefabs/Buildings/Building_R_Prefab.prefab using Guid(332e08e35cda1b84e8c36c123299b8ac) Importer(815301076,1909f56bfc062723c751e8b465ee728b)  -> (artifact id: '3e7ef01da1f0879a767fe5aa02ac677d') in 0.024962 seconds 
  Import took 0.028708 seconds .

========================================================================
Received Import Request.
  Time since last request: 0.000248 seconds.
  path: Assets/POLYGON city pack/Prefabs/Buildings/Hospital_prefab.prefab
  artifactKey: Guid(03f4debef6f82ef43b174ff67987c532) Importer(815301076,1909f56bfc062723c751e8b465ee728b)
Start importing Assets/POLYGON city pack/Prefabs/Buildings/Hospital_prefab.prefab using Guid(03f4debef6f82ef43b174ff67987c532) Importer(815301076,1909f56bfc062723c751e8b465ee728b)  -> (artifact id: '5a1f84500dbe158b61689e8043855239') in 0.029451 seconds 
  Import took 0.032595 seconds .

========================================================================
Received Import Request.
  Time since last request: 0.000214 seconds.
  path: Assets/POLYGON city pack/Prefabs/Buildings/building_X_prefab.prefab
  artifactKey: Guid(1c6290f76fd11c74fa326bdf8cd95a9f) Importer(815301076,1909f56bfc062723c751e8b465ee728b)
Start importing Assets/POLYGON city pack/Prefabs/Buildings/building_X_prefab.prefab using Guid(1c6290f76fd11c74fa326bdf8cd95a9f) Importer(815301076,1909f56bfc062723c751e8b465ee728b)  -> (artifact id: '3f418d081cf87aea3e1790b390ea2e45') in 0.024290 seconds 
  Import took 0.027361 seconds .

========================================================================
Received Import Request.
  Time since last request: 0.000223 seconds.
  path: Assets/POLYGON city pack/Prefabs/Buildings/Car_repair_prefab.prefab
  artifactKey: Guid(9094aa5ae2e324346997aa2ea9ad7930) Importer(815301076,1909f56bfc062723c751e8b465ee728b)
Start importing Assets/POLYGON city pack/Prefabs/Buildings/Car_repair_prefab.prefab using Guid(9094aa5ae2e324346997aa2ea9ad7930) Importer(815301076,1909f56bfc062723c751e8b465ee728b)  -> (artifact id: '4f6cf323e4aaa9c2684b57301b644ee8') in 0.037285 seconds 
  Import took 0.040573 seconds .

========================================================================
Received Import Request.
  Time since last request: 0.000219 seconds.
  path: Assets/POLYGON city pack/Prefabs/Buildings/Building_C1_prefab.prefab
  artifactKey: Guid(1fbdccb55fd15bc4f92646bd818aca51) Importer(815301076,1909f56bfc062723c751e8b465ee728b)
Start importing Assets/POLYGON city pack/Prefabs/Buildings/Building_C1_prefab.prefab using Guid(1fbdccb55fd15bc4f92646bd818aca51) Importer(815301076,1909f56bfc062723c751e8b465ee728b)  -> (artifact id: 'e32163d8c1e2f9688031a97221a7825a') in 0.025573 seconds 
  Import took 0.029186 seconds .

========================================================================
Received Import Request.
  Time since last request: 0.000203 seconds.
  path: Assets/POLYGON city pack/Prefabs/Buildings/Build_G-Left_Prefab.prefab
  artifactKey: Guid(445da40af79ed8241871555db3d63e27) Importer(815301076,1909f56bfc062723c751e8b465ee728b)
Start importing Assets/POLYGON city pack/Prefabs/Buildings/Build_G-Left_Prefab.prefab using Guid(445da40af79ed8241871555db3d63e27) Importer(815301076,1909f56bfc062723c751e8b465ee728b)  -> (artifact id: 'a43efd9e8dd280d603a67961bbaf2b30') in 0.022328 seconds 
  Import took 0.025441 seconds .

========================================================================
Received Import Request.
  Time since last request: 0.000275 seconds.
  path: Assets/POLYGON city pack/Prefabs/Buildings/Shop_B_prefab.prefab
  artifactKey: Guid(9a52ba64c3a0abf49ad9515917ade04b) Importer(815301076,1909f56bfc062723c751e8b465ee728b)
Start importing Assets/POLYGON city pack/Prefabs/Buildings/Shop_B_prefab.prefab using Guid(9a52ba64c3a0abf49ad9515917ade04b) Importer(815301076,1909f56bfc062723c751e8b465ee728b)  -> (artifact id: 'c0979a870ab96d4c22d598fc7311a548') in 0.282709 seconds 
  Import took 0.286309 seconds .

========================================================================
Received Import Request.
  Time since last request: 0.000220 seconds.
  path: Assets/POLYGON city pack/Prefabs/Buildings/Building_Q_prefab.prefab
  artifactKey: Guid(984e7c3587655ac489a642619bb3ef24) Importer(815301076,1909f56bfc062723c751e8b465ee728b)
Start importing Assets/POLYGON city pack/Prefabs/Buildings/Building_Q_prefab.prefab using Guid(984e7c3587655ac489a642619bb3ef24) Importer(815301076,1909f56bfc062723c751e8b465ee728b)  -> (artifact id: 'f6b488a53f8aaa53e0b0f93ec0ec5f35') in 0.034310 seconds 
  Import took 0.037391 seconds .

========================================================================
Received Import Request.
  Time since last request: 0.000200 seconds.
  path: Assets/POLYGON city pack/Prefabs/Buildings/Building_S_prefab.prefab
  artifactKey: Guid(c637a821140f92a4dbb62e352cf8f140) Importer(815301076,1909f56bfc062723c751e8b465ee728b)
Start importing Assets/POLYGON city pack/Prefabs/Buildings/Building_S_prefab.prefab using Guid(c637a821140f92a4dbb62e352cf8f140) Importer(815301076,1909f56bfc062723c751e8b465ee728b)  -> (artifact id: '06ca16d2db5f392613cf3aeb07ac192e') in 0.025294 seconds 
  Import took 0.028252 seconds .

========================================================================
Received Import Request.
  Time since last request: 0.000298 seconds.
  path: Assets/POLYGON city pack/Prefabs/Buildings/Building_B_prefab.prefab
  artifactKey: Guid(62788775cce139e4abe5fdd7071ead29) Importer(815301076,1909f56bfc062723c751e8b465ee728b)
Start importing Assets/POLYGON city pack/Prefabs/Buildings/Building_B_prefab.prefab using Guid(62788775cce139e4abe5fdd7071ead29) Importer(815301076,1909f56bfc062723c751e8b465ee728b)  -> (artifact id: 'cdeb4eaa656ca64df50a6ccad1515d2f') in 0.026956 seconds 
  Import took 0.030126 seconds .

========================================================================
Received Import Request.
  Time since last request: 0.000290 seconds.
  path: Assets/POLYGON city pack/Prefabs/Buildings/Build_G-right_Prefab.prefab
  artifactKey: Guid(19427fc607e7e5645a1f1fe831d3add4) Importer(815301076,1909f56bfc062723c751e8b465ee728b)
Start importing Assets/POLYGON city pack/Prefabs/Buildings/Build_G-right_Prefab.prefab using Guid(19427fc607e7e5645a1f1fe831d3add4) Importer(815301076,1909f56bfc062723c751e8b465ee728b)  -> (artifact id: 'a5272ed35c24c45d07fa5d1fe06fdde6') in 0.022284 seconds 
  Import took 0.025622 seconds .

========================================================================
Received Import Request.
  Time since last request: 0.000382 seconds.
  path: Assets/POLYGON city pack/Prefabs/Buildings/Building_J_prefab.prefab
  artifactKey: Guid(7d569c6acdec3c2428d7b39889d89720) Importer(815301076,1909f56bfc062723c751e8b465ee728b)
Start importing Assets/POLYGON city pack/Prefabs/Buildings/Building_J_prefab.prefab using Guid(7d569c6acdec3c2428d7b39889d89720) Importer(815301076,1909f56bfc062723c751e8b465ee728b)  -> (artifact id: '65baac907bde1d7f3623a9845b3dbadd') in 0.023570 seconds 
  Import took 0.027271 seconds .

========================================================================
Received Import Request.
  Time since last request: 0.000345 seconds.
  path: Assets/POLYGON city pack/Prefabs/Buildings/Building_V_prefab.prefab
  artifactKey: Guid(95aaceaac899f9a47aea3a9744ce9c20) Importer(815301076,1909f56bfc062723c751e8b465ee728b)
Start importing Assets/POLYGON city pack/Prefabs/Buildings/Building_V_prefab.prefab using Guid(95aaceaac899f9a47aea3a9744ce9c20) Importer(815301076,1909f56bfc062723c751e8b465ee728b)  -> (artifact id: 'ea95c8226f19c4711abf5607d9c718d4') in 0.021520 seconds 
  Import took 0.025613 seconds .

========================================================================
Received Import Request.
  Time since last request: 0.000267 seconds.
  path: Assets/POLYGON city pack/Prefabs/Buildings/Parking_checkOut_prefab.prefab
  artifactKey: Guid(b8c04fd14b199f34a802353a72a0af44) Importer(815301076,1909f56bfc062723c751e8b465ee728b)
Start importing Assets/POLYGON city pack/Prefabs/Buildings/Parking_checkOut_prefab.prefab using Guid(b8c04fd14b199f34a802353a72a0af44) Importer(815301076,1909f56bfc062723c751e8b465ee728b)  -> (artifact id: 'f91cf0acad6f751713ba3f6053ccae57') in 0.023838 seconds 
  Import took 0.027303 seconds .

========================================================================
Received Import Request.
  Time since last request: 0.000219 seconds.
  path: Assets/POLYGON city pack/Prefabs/Buildings/Building_D_prefab.prefab
  artifactKey: Guid(7df26aa64e4b3fc48933a809e1a48078) Importer(815301076,1909f56bfc062723c751e8b465ee728b)
Start importing Assets/POLYGON city pack/Prefabs/Buildings/Building_D_prefab.prefab using Guid(7df26aa64e4b3fc48933a809e1a48078) Importer(815301076,1909f56bfc062723c751e8b465ee728b)  -> (artifact id: '626dbcd733e550beb7c008dea63631df') in 0.027390 seconds 
  Import took 0.030460 seconds .

========================================================================
Received Import Request.
  Time since last request: 0.000220 seconds.
  path: Assets/POLYGON city pack/Prefabs/Buildings/Building_Z_Prefab.prefab
  artifactKey: Guid(a6cd0c657da915144bd367d385c0fc31) Importer(815301076,1909f56bfc062723c751e8b465ee728b)
Start importing Assets/POLYGON city pack/Prefabs/Buildings/Building_Z_Prefab.prefab using Guid(a6cd0c657da915144bd367d385c0fc31) Importer(815301076,1909f56bfc062723c751e8b465ee728b)  -> (artifact id: 'c60cb5f561f2aeb961fd36497abfeaa1') in 0.034288 seconds 
  Import took 0.038044 seconds .

========================================================================
Received Import Request.
  Time since last request: 0.000237 seconds.
  path: Assets/POLYGON city pack/Prefabs/Buildings/Building_E_prefab.prefab
  artifactKey: Guid(5b71bcfe27faa8a4a9ec939bb5377114) Importer(815301076,1909f56bfc062723c751e8b465ee728b)
Start importing Assets/POLYGON city pack/Prefabs/Buildings/Building_E_prefab.prefab using Guid(5b71bcfe27faa8a4a9ec939bb5377114) Importer(815301076,1909f56bfc062723c751e8b465ee728b)  -> (artifact id: '0a202e41835c71ad75eb9098f741b125') in 0.023467 seconds 
  Import took 0.026929 seconds .

========================================================================
Received Import Request.
  Time since last request: 1016.964303 seconds.
  path: Assets/POLYGON city pack/Prefabs/Floor
  artifactKey: Guid(b07468226e8b0b94083cbeafff0ebf31) Importer(815301076,1909f56bfc062723c751e8b465ee728b)
Start importing Assets/POLYGON city pack/Prefabs/Floor using Guid(b07468226e8b0b94083cbeafff0ebf31) Importer(815301076,1909f56bfc062723c751e8b465ee728b)  -> (artifact id: '541b7eae22f25020321c7488fd4d98ca') in 0.010832 seconds 
  Import took 0.014134 seconds .

========================================================================
Received Import Request.
  Time since last request: 2.033720 seconds.
  path: Assets/POLYGON city pack/Prefabs/Floor/Grass_stone_1_prefab.prefab
  artifactKey: Guid(9fcf49ff9014a7a4b89dcd79c5ac3e71) Importer(815301076,1909f56bfc062723c751e8b465ee728b)
Start importing Assets/POLYGON city pack/Prefabs/Floor/Grass_stone_1_prefab.prefab using Guid(9fcf49ff9014a7a4b89dcd79c5ac3e71) Importer(815301076,1909f56bfc062723c751e8b465ee728b)  -> (artifact id: '7e53754a602490e7221df454214728db') in 0.036297 seconds 
  Import took 0.039674 seconds .

========================================================================
Received Import Request.
  Time since last request: 0.000243 seconds.
  path: Assets/POLYGON city pack/Prefabs/Floor/Street 6 Prefab.prefab
  artifactKey: Guid(9cf6fe41a87aee14499e9aa67b6e1e2b) Importer(815301076,1909f56bfc062723c751e8b465ee728b)
Start importing Assets/POLYGON city pack/Prefabs/Floor/Street 6 Prefab.prefab using Guid(9cf6fe41a87aee14499e9aa67b6e1e2b) Importer(815301076,1909f56bfc062723c751e8b465ee728b)  -> (artifact id: 'd36d7b5331683abec375599627b04878') in 0.021775 seconds 
  Import took 0.024593 seconds .

========================================================================
Received Import Request.
  Time since last request: 0.000223 seconds.
  path: Assets/POLYGON city pack/Prefabs/Floor/Walkway 2 Prefab.prefab
  artifactKey: Guid(6f78f527e43206b408b73d96ccdbea2a) Importer(815301076,1909f56bfc062723c751e8b465ee728b)
Start importing Assets/POLYGON city pack/Prefabs/Floor/Walkway 2 Prefab.prefab using Guid(6f78f527e43206b408b73d96ccdbea2a) Importer(815301076,1909f56bfc062723c751e8b465ee728b)  -> (artifact id: '7e703927d27a4415f7503a06bca2c00e') in 0.027522 seconds 
  Import took 0.030385 seconds .

========================================================================
Received Import Request.
  Time since last request: 0.000213 seconds.
  path: Assets/POLYGON city pack/Prefabs/Floor/Street 4 8M prefab.prefab
  artifactKey: Guid(107e21d49b4ce0043a91771c91ae6c8c) Importer(815301076,1909f56bfc062723c751e8b465ee728b)
Start importing Assets/POLYGON city pack/Prefabs/Floor/Street 4 8M prefab.prefab using Guid(107e21d49b4ce0043a91771c91ae6c8c) Importer(815301076,1909f56bfc062723c751e8b465ee728b)  -> (artifact id: '4429ee4934bef1b33c58ac6d48e7ce72') in 0.023003 seconds 
  Import took 0.025943 seconds .

========================================================================
Received Import Request.
  Time since last request: 0.000247 seconds.
  path: Assets/POLYGON city pack/Prefabs/Floor/Street 11 Prefab.prefab
  artifactKey: Guid(40f811db462dd7b4db94f7634d68e2aa) Importer(815301076,1909f56bfc062723c751e8b465ee728b)
Start importing Assets/POLYGON city pack/Prefabs/Floor/Street 11 Prefab.prefab using Guid(40f811db462dd7b4db94f7634d68e2aa) Importer(815301076,1909f56bfc062723c751e8b465ee728b)  -> (artifact id: 'dece5918155d9b2825335d8db574e33a') in 0.021794 seconds 
  Import took 0.025425 seconds .

========================================================================
Received Import Request.
  Time since last request: 0.000270 seconds.
  path: Assets/POLYGON city pack/Prefabs/Floor/Walkway 3 Prefab.prefab
  artifactKey: Guid(502d6f0e64b66424794fb5bab97b89a9) Importer(815301076,1909f56bfc062723c751e8b465ee728b)
Start importing Assets/POLYGON city pack/Prefabs/Floor/Walkway 3 Prefab.prefab using Guid(502d6f0e64b66424794fb5bab97b89a9) Importer(815301076,1909f56bfc062723c751e8b465ee728b)  -> (artifact id: 'bc0283c0ef7507b54b44fea5254b497a') in 0.022998 seconds 
  Import took 0.026117 seconds .

========================================================================
Received Import Request.
  Time since last request: 0.000222 seconds.
  path: Assets/POLYGON city pack/Prefabs/Floor/Street 10 Prefab.prefab
  artifactKey: Guid(d3659a253442a2d48b9e5a13a46d70e5) Importer(815301076,1909f56bfc062723c751e8b465ee728b)
Start importing Assets/POLYGON city pack/Prefabs/Floor/Street 10 Prefab.prefab using Guid(d3659a253442a2d48b9e5a13a46d70e5) Importer(815301076,1909f56bfc062723c751e8b465ee728b)  -> (artifact id: '04b37330adf85ebbcfa7454e243c130c') in 0.021281 seconds 
  Import took 0.025171 seconds .

========================================================================
Received Import Request.
  Time since last request: 0.000259 seconds.
  path: Assets/POLYGON city pack/Prefabs/Floor/Street 4 Prefab.prefab
  artifactKey: Guid(adb55fed5a5012b458c398a0b618390c) Importer(815301076,1909f56bfc062723c751e8b465ee728b)
Start importing Assets/POLYGON city pack/Prefabs/Floor/Street 4 Prefab.prefab using Guid(adb55fed5a5012b458c398a0b618390c) Importer(815301076,1909f56bfc062723c751e8b465ee728b)  -> (artifact id: '1bf0b6eb92109072d2b3c6da80d3f2f1') in 0.019337 seconds 
  Import took 0.022507 seconds .

========================================================================
Received Import Request.
  Time since last request: 0.000315 seconds.
  path: Assets/POLYGON city pack/Prefabs/Floor/stoneway 1.prefab
  artifactKey: Guid(f8d7a78846ea16e40a90f85d3e26d338) Importer(815301076,1909f56bfc062723c751e8b465ee728b)
Start importing Assets/POLYGON city pack/Prefabs/Floor/stoneway 1.prefab using Guid(f8d7a78846ea16e40a90f85d3e26d338) Importer(815301076,1909f56bfc062723c751e8b465ee728b)  -> (artifact id: 'c8d2f583a0ea45a920bc86edac6d7c51') in 0.021907 seconds 
  Import took 0.025635 seconds .

========================================================================
Received Import Request.
  Time since last request: 0.000233 seconds.
  path: Assets/POLYGON city pack/Prefabs/Floor/Sideway 4 prefab.prefab
  artifactKey: Guid(f24cfa7ea7c5c764dad9dddadf04cde2) Importer(815301076,1909f56bfc062723c751e8b465ee728b)
Start importing Assets/POLYGON city pack/Prefabs/Floor/Sideway 4 prefab.prefab using Guid(f24cfa7ea7c5c764dad9dddadf04cde2) Importer(815301076,1909f56bfc062723c751e8b465ee728b)  -> (artifact id: '282bba791126246e015724cc78c1fbd3') in 0.020889 seconds 
  Import took 0.023927 seconds .

========================================================================
Received Import Request.
  Time since last request: 0.000211 seconds.
  path: Assets/POLYGON city pack/Prefabs/Floor/Street 4 grey 2M prefab.prefab
  artifactKey: Guid(21a7832e115724d42974d61698102f71) Importer(815301076,1909f56bfc062723c751e8b465ee728b)
Start importing Assets/POLYGON city pack/Prefabs/Floor/Street 4 grey 2M prefab.prefab using Guid(21a7832e115724d42974d61698102f71) Importer(815301076,1909f56bfc062723c751e8b465ee728b)  -> (artifact id: '6e49bd2d692ac5d160868c8267d3f7d6') in 0.019894 seconds 
  Import took 0.022919 seconds .

========================================================================
Received Import Request.
  Time since last request: 0.000234 seconds.
  path: Assets/POLYGON city pack/Prefabs/Floor/Sideway 11 prefab.prefab
  artifactKey: Guid(0d994adf9f1bb3048b05c73f76d42756) Importer(815301076,1909f56bfc062723c751e8b465ee728b)
Start importing Assets/POLYGON city pack/Prefabs/Floor/Sideway 11 prefab.prefab using Guid(0d994adf9f1bb3048b05c73f76d42756) Importer(815301076,1909f56bfc062723c751e8b465ee728b)  -> (artifact id: 'fbdc467925997c99e7579e57951c6c66') in 0.021102 seconds 
  Import took 0.024414 seconds .

========================================================================
Received Import Request.
  Time since last request: 0.000306 seconds.
  path: Assets/POLYGON city pack/Prefabs/Floor/Street 1 Prefab.prefab
  artifactKey: Guid(625d4ab1ce4723c449f165b8e7f27de1) Importer(815301076,1909f56bfc062723c751e8b465ee728b)
Start importing Assets/POLYGON city pack/Prefabs/Floor/Street 1 Prefab.prefab using Guid(625d4ab1ce4723c449f165b8e7f27de1) Importer(815301076,1909f56bfc062723c751e8b465ee728b)  -> (artifact id: '29a1ced4cbc078506dab86ce21ad2798') in 0.020121 seconds 
  Import took 0.023434 seconds .

========================================================================
Received Import Request.
  Time since last request: 0.000258 seconds.
  path: Assets/POLYGON city pack/Prefabs/Floor/Street 3 Prefab.prefab
  artifactKey: Guid(2224b63330275e5478ef024b2913f937) Importer(815301076,1909f56bfc062723c751e8b465ee728b)
Start importing Assets/POLYGON city pack/Prefabs/Floor/Street 3 Prefab.prefab using Guid(2224b63330275e5478ef024b2913f937) Importer(815301076,1909f56bfc062723c751e8b465ee728b)  -> (artifact id: 'fb1bd570e2b4b7f807ca57153431b3d3') in 0.020794 seconds 
  Import took 0.024051 seconds .

========================================================================
Received Import Request.
  Time since last request: 0.000249 seconds.
  path: Assets/POLYGON city pack/Prefabs/Floor/stoneway 2.prefab
  artifactKey: Guid(55e3ebb26a70a8c458d618b9d0cf5971) Importer(815301076,1909f56bfc062723c751e8b465ee728b)
Start importing Assets/POLYGON city pack/Prefabs/Floor/stoneway 2.prefab using Guid(55e3ebb26a70a8c458d618b9d0cf5971) Importer(815301076,1909f56bfc062723c751e8b465ee728b)  -> (artifact id: '969b6c1fed683f63e51f625f4fe2be69') in 0.022575 seconds 
  Import took 0.026256 seconds .

========================================================================
Received Import Request.
  Time since last request: 0.000212 seconds.
  path: Assets/POLYGON city pack/Prefabs/Floor/Street 14 Prefab.prefab
  artifactKey: Guid(dfad69e67150a0647b6f696171d22428) Importer(815301076,1909f56bfc062723c751e8b465ee728b)
Start importing Assets/POLYGON city pack/Prefabs/Floor/Street 14 Prefab.prefab using Guid(dfad69e67150a0647b6f696171d22428) Importer(815301076,1909f56bfc062723c751e8b465ee728b)  -> (artifact id: '2fef4b1b2b28c3003f09d699f5f2a599') in 0.018602 seconds 
  Import took 0.021729 seconds .

========================================================================
Received Import Request.
  Time since last request: 0.000209 seconds.
  path: Assets/POLYGON city pack/Prefabs/Floor/Street 5 Prefab.prefab
  artifactKey: Guid(bb22ea4214c77784c96ecc3cb6bc0608) Importer(815301076,1909f56bfc062723c751e8b465ee728b)
Start importing Assets/POLYGON city pack/Prefabs/Floor/Street 5 Prefab.prefab using Guid(bb22ea4214c77784c96ecc3cb6bc0608) Importer(815301076,1909f56bfc062723c751e8b465ee728b)  -> (artifact id: 'c3b93a669d0ffee9042ee64fb637c3a8') in 0.021454 seconds 
  Import took 0.024894 seconds .

========================================================================
Received Import Request.
  Time since last request: 0.000306 seconds.
  path: Assets/POLYGON city pack/Prefabs/Floor/Street 19 Prefab.prefab
  artifactKey: Guid(8e03c81bd030d824c99304a858b8a18c) Importer(815301076,1909f56bfc062723c751e8b465ee728b)
Start importing Assets/POLYGON city pack/Prefabs/Floor/Street 19 Prefab.prefab using Guid(8e03c81bd030d824c99304a858b8a18c) Importer(815301076,1909f56bfc062723c751e8b465ee728b)  -> (artifact id: '9fdb17b23c6aa081ff60fe2b6899ec0c') in 0.022350 seconds 
  Import took 0.025308 seconds .

========================================================================
Received Import Request.
  Time since last request: 0.000251 seconds.
  path: Assets/POLYGON city pack/Prefabs/Floor/Sideway 1 prefab.prefab
  artifactKey: Guid(ff7206cbdafefa144bb8ac229bf9046e) Importer(815301076,1909f56bfc062723c751e8b465ee728b)
Start importing Assets/POLYGON city pack/Prefabs/Floor/Sideway 1 prefab.prefab using Guid(ff7206cbdafefa144bb8ac229bf9046e) Importer(815301076,1909f56bfc062723c751e8b465ee728b)  -> (artifact id: '87a91c7fbf6d1eda51a6be4934345d36') in 0.023129 seconds 
  Import took 0.026436 seconds .

========================================================================
Received Import Request.
  Time since last request: 0.000257 seconds.
  path: Assets/POLYGON city pack/Prefabs/Floor/Street 12 Prefab.prefab
  artifactKey: Guid(18f25be2998f44b408dcd9ba703fd231) Importer(815301076,1909f56bfc062723c751e8b465ee728b)
Start importing Assets/POLYGON city pack/Prefabs/Floor/Street 12 Prefab.prefab using Guid(18f25be2998f44b408dcd9ba703fd231) Importer(815301076,1909f56bfc062723c751e8b465ee728b)  -> (artifact id: '5f2d49a996521870dc057771ae966e1a') in 0.021385 seconds 
  Import took 0.025100 seconds .

========================================================================
Received Import Request.
  Time since last request: 0.000256 seconds.
  path: Assets/POLYGON city pack/Prefabs/Floor/Street 16 Prefab.prefab
  artifactKey: Guid(51e95ca17f5338949ad35bbfb27addee) Importer(815301076,1909f56bfc062723c751e8b465ee728b)
Start importing Assets/POLYGON city pack/Prefabs/Floor/Street 16 Prefab.prefab using Guid(51e95ca17f5338949ad35bbfb27addee) Importer(815301076,1909f56bfc062723c751e8b465ee728b)  -> (artifact id: 'e170e699a081ef8b4a2cc649a6671c48') in 0.022738 seconds 
  Import took 0.026766 seconds .

========================================================================
Received Import Request.
  Time since last request: 0.000216 seconds.
  path: Assets/POLYGON city pack/Prefabs/Floor/WalkWay 5 prefab.prefab
  artifactKey: Guid(7446a392a730ac14d9cc70d21cf7ace0) Importer(815301076,1909f56bfc062723c751e8b465ee728b)
Start importing Assets/POLYGON city pack/Prefabs/Floor/WalkWay 5 prefab.prefab using Guid(7446a392a730ac14d9cc70d21cf7ace0) Importer(815301076,1909f56bfc062723c751e8b465ee728b)  -> (artifact id: '17f95c995fff324472decb72c49bc12f') in 0.020396 seconds 
  Import took 0.023450 seconds .

========================================================================
Received Import Request.
  Time since last request: 0.000377 seconds.
  path: Assets/POLYGON city pack/Prefabs/Floor/Street 15 Prefab.prefab
  artifactKey: Guid(d9d6037adf22fd1488b7deceb439e078) Importer(815301076,1909f56bfc062723c751e8b465ee728b)
Start importing Assets/POLYGON city pack/Prefabs/Floor/Street 15 Prefab.prefab using Guid(d9d6037adf22fd1488b7deceb439e078) Importer(815301076,1909f56bfc062723c751e8b465ee728b)  -> (artifact id: '537fbe4c1cb1de2f07fad4eeb260e93c') in 0.021670 seconds 
  Import took 0.025040 seconds .

========================================================================
Received Import Request.
  Time since last request: 0.000209 seconds.
  path: Assets/POLYGON city pack/Prefabs/Floor/Sideway 10 prefab.prefab
  artifactKey: Guid(f48ca42bbf7370343a33a9e87b1d9fdb) Importer(815301076,1909f56bfc062723c751e8b465ee728b)
Start importing Assets/POLYGON city pack/Prefabs/Floor/Sideway 10 prefab.prefab using Guid(f48ca42bbf7370343a33a9e87b1d9fdb) Importer(815301076,1909f56bfc062723c751e8b465ee728b)  -> (artifact id: 'f9e8828c5545f91da21fdcb5fdf24591') in 0.021190 seconds 
  Import took 0.024787 seconds .

========================================================================
Received Import Request.
  Time since last request: 0.000272 seconds.
  path: Assets/POLYGON city pack/Prefabs/Floor/Walkway 4 Prefab.prefab
  artifactKey: Guid(f05e5e37b07893d42b4d91839e7299d0) Importer(815301076,1909f56bfc062723c751e8b465ee728b)
Start importing Assets/POLYGON city pack/Prefabs/Floor/Walkway 4 Prefab.prefab using Guid(f05e5e37b07893d42b4d91839e7299d0) Importer(815301076,1909f56bfc062723c751e8b465ee728b)  -> (artifact id: 'd97da495a4eb00cdcebb531bb648219f') in 0.024273 seconds 
  Import took 0.027315 seconds .

========================================================================
Received Import Request.
  Time since last request: 0.000251 seconds.
  path: Assets/POLYGON city pack/Prefabs/Floor/Sideway 12 prefab.prefab
  artifactKey: Guid(9390e70d13c7e454f8022d50d0112dc7) Importer(815301076,1909f56bfc062723c751e8b465ee728b)
Start importing Assets/POLYGON city pack/Prefabs/Floor/Sideway 12 prefab.prefab using Guid(9390e70d13c7e454f8022d50d0112dc7) Importer(815301076,1909f56bfc062723c751e8b465ee728b)  -> (artifact id: '20dfd9a873aa163da3d3dfcdeff44909') in 0.023444 seconds 
  Import took 0.027495 seconds .

========================================================================
Received Import Request.
  Time since last request: 0.000192 seconds.
  path: Assets/POLYGON city pack/Prefabs/Floor/Street 2 Prefab.prefab
  artifactKey: Guid(09c381fe7eb215142a85dbabe00ae5b6) Importer(815301076,1909f56bfc062723c751e8b465ee728b)
Start importing Assets/POLYGON city pack/Prefabs/Floor/Street 2 Prefab.prefab using Guid(09c381fe7eb215142a85dbabe00ae5b6) Importer(815301076,1909f56bfc062723c751e8b465ee728b)  -> (artifact id: 'fd50472fd138a46b27737c578b2f97ef') in 0.024394 seconds 
  Import took 0.028293 seconds .

========================================================================
Received Import Request.
  Time since last request: 0.000307 seconds.
  path: Assets/POLYGON city pack/Prefabs/Floor/stoneway 4.prefab
  artifactKey: Guid(7b6b731fe1cb4794496aa07fda2bf67c) Importer(815301076,1909f56bfc062723c751e8b465ee728b)
Start importing Assets/POLYGON city pack/Prefabs/Floor/stoneway 4.prefab using Guid(7b6b731fe1cb4794496aa07fda2bf67c) Importer(815301076,1909f56bfc062723c751e8b465ee728b)  -> (artifact id: '3c022d8d3340ae551afc1e71e15cd851') in 0.025205 seconds 
  Import took 0.028474 seconds .

========================================================================
Received Import Request.
  Time since last request: 0.000278 seconds.
  path: Assets/POLYGON city pack/Prefabs/Floor/Street 9 Prefab.prefab
  artifactKey: Guid(c7882e4d30114944b9894c2c302d8a34) Importer(815301076,1909f56bfc062723c751e8b465ee728b)
Start importing Assets/POLYGON city pack/Prefabs/Floor/Street 9 Prefab.prefab using Guid(c7882e4d30114944b9894c2c302d8a34) Importer(815301076,1909f56bfc062723c751e8b465ee728b)  -> (artifact id: 'fcd481969db05ea235f5f3758d3d5c4d') in 0.025771 seconds 
  Import took 0.029508 seconds .

========================================================================
Received Import Request.
  Time since last request: 0.000298 seconds.
  path: Assets/POLYGON city pack/Prefabs/Floor/Walkway 1 Prefab.prefab
  artifactKey: Guid(28d5ea07bacfa6346a6ccb36b5789cae) Importer(815301076,1909f56bfc062723c751e8b465ee728b)
Start importing Assets/POLYGON city pack/Prefabs/Floor/Walkway 1 Prefab.prefab using Guid(28d5ea07bacfa6346a6ccb36b5789cae) Importer(815301076,1909f56bfc062723c751e8b465ee728b)  -> (artifact id: '47fcfea952d5e2a07568c9d5293ccfbb') in 0.024550 seconds 
  Import took 0.028161 seconds .

========================================================================
Received Import Request.
  Time since last request: 0.000254 seconds.
  path: Assets/POLYGON city pack/Prefabs/Floor/Street 13 Prefab.prefab
  artifactKey: Guid(9338c70e4379d504695b5390f8421d6c) Importer(815301076,1909f56bfc062723c751e8b465ee728b)
Start importing Assets/POLYGON city pack/Prefabs/Floor/Street 13 Prefab.prefab using Guid(9338c70e4379d504695b5390f8421d6c) Importer(815301076,1909f56bfc062723c751e8b465ee728b)  -> (artifact id: '3da04c61189f3fd7f2c7a6e2b46b3f03') in 0.021180 seconds 
  Import took 0.024372 seconds .

========================================================================
Received Import Request.
  Time since last request: 0.000270 seconds.
  path: Assets/POLYGON city pack/Prefabs/Floor/Sideway 7 prefab.prefab
  artifactKey: Guid(8ca0a36b96d9a434b8fb9fc9a5d87b27) Importer(815301076,1909f56bfc062723c751e8b465ee728b)
Start importing Assets/POLYGON city pack/Prefabs/Floor/Sideway 7 prefab.prefab using Guid(8ca0a36b96d9a434b8fb9fc9a5d87b27) Importer(815301076,1909f56bfc062723c751e8b465ee728b)  -> (artifact id: '378595c58692531fee1d27d3f5fb3d2e') in 0.023059 seconds 
  Import took 0.026875 seconds .

========================================================================
Received Import Request.
  Time since last request: 0.000255 seconds.
  path: Assets/POLYGON city pack/Prefabs/Floor/Sideway 6 prefab.prefab
  artifactKey: Guid(493d8fb14af461f45a7d50aaa60a7a37) Importer(815301076,1909f56bfc062723c751e8b465ee728b)
Start importing Assets/POLYGON city pack/Prefabs/Floor/Sideway 6 prefab.prefab using Guid(493d8fb14af461f45a7d50aaa60a7a37) Importer(815301076,1909f56bfc062723c751e8b465ee728b)  -> (artifact id: 'c3bd506499e2dd42f1df397982cd0b94') in 0.022199 seconds 
  Import took 0.025680 seconds .

========================================================================
Received Import Request.
  Time since last request: 0.000262 seconds.
  path: Assets/POLYGON city pack/Prefabs/Floor/Sideway 8 prefab.prefab
  artifactKey: Guid(5617f09499355b14bb58fe8aeb052d7e) Importer(815301076,1909f56bfc062723c751e8b465ee728b)
Start importing Assets/POLYGON city pack/Prefabs/Floor/Sideway 8 prefab.prefab using Guid(5617f09499355b14bb58fe8aeb052d7e) Importer(815301076,1909f56bfc062723c751e8b465ee728b)  -> (artifact id: 'f18ccf82abda725df9e852a98e4bac5c') in 0.023507 seconds 
  Import took 0.027157 seconds .

========================================================================
Received Import Request.
  Time since last request: 0.000201 seconds.
  path: Assets/POLYGON city pack/Prefabs/Floor/stoneway 3.prefab
  artifactKey: Guid(28f59ecb5ee7e2a4a9060e22ad8bc84f) Importer(815301076,1909f56bfc062723c751e8b465ee728b)
Start importing Assets/POLYGON city pack/Prefabs/Floor/stoneway 3.prefab using Guid(28f59ecb5ee7e2a4a9060e22ad8bc84f) Importer(815301076,1909f56bfc062723c751e8b465ee728b)  -> (artifact id: '6ecaa0ab86d3c92acaac3c4036eb4d1d') in 0.020545 seconds 
  Import took 0.023876 seconds .

========================================================================
Received Import Request.
  Time since last request: 0.000281 seconds.
  path: Assets/POLYGON city pack/Prefabs/Floor/Sideway 2 prefab.prefab
  artifactKey: Guid(9cb5b35ecfd548b4d87e1c513764ef5b) Importer(815301076,1909f56bfc062723c751e8b465ee728b)
Start importing Assets/POLYGON city pack/Prefabs/Floor/Sideway 2 prefab.prefab using Guid(9cb5b35ecfd548b4d87e1c513764ef5b) Importer(815301076,1909f56bfc062723c751e8b465ee728b)  -> (artifact id: '83410523be214047769ee1e5501c2301') in 0.021972 seconds 
  Import took 0.025310 seconds .

========================================================================
Received Import Request.
  Time since last request: 0.000222 seconds.
  path: Assets/POLYGON city pack/Prefabs/Floor/WalkWay 6 prefab.prefab
  artifactKey: Guid(ac61809f89d132d4b85c3d14a3725846) Importer(815301076,1909f56bfc062723c751e8b465ee728b)
Start importing Assets/POLYGON city pack/Prefabs/Floor/WalkWay 6 prefab.prefab using Guid(ac61809f89d132d4b85c3d14a3725846) Importer(815301076,1909f56bfc062723c751e8b465ee728b)  -> (artifact id: '98cae2f096014d4f2310a5ee9ab8338c') in 0.022562 seconds 
  Import took 0.026086 seconds .

========================================================================
Received Import Request.
  Time since last request: 0.000210 seconds.
  path: Assets/POLYGON city pack/Prefabs/Floor/Street 21 Prefab.prefab
  artifactKey: Guid(8e333c3d9aca5ec419b24e89d083d1e0) Importer(815301076,1909f56bfc062723c751e8b465ee728b)
Start importing Assets/POLYGON city pack/Prefabs/Floor/Street 21 Prefab.prefab using Guid(8e333c3d9aca5ec419b24e89d083d1e0) Importer(815301076,1909f56bfc062723c751e8b465ee728b)  -> (artifact id: '3d5f78d73ad9d2e0d16ab023839c98b4') in 0.020919 seconds 
  Import took 0.024419 seconds .

========================================================================
Received Import Request.
  Time since last request: 0.000312 seconds.
  path: Assets/POLYGON city pack/Prefabs/Floor/Street 4 2M prefab.prefab
  artifactKey: Guid(0509744eed6f16e4c98e542f790a84b5) Importer(815301076,1909f56bfc062723c751e8b465ee728b)
Start importing Assets/POLYGON city pack/Prefabs/Floor/Street 4 2M prefab.prefab using Guid(0509744eed6f16e4c98e542f790a84b5) Importer(815301076,1909f56bfc062723c751e8b465ee728b)  -> (artifact id: '679ea81b3b8b1d44c1b8c073e3aa670b') in 0.019165 seconds 
  Import took 0.022332 seconds .

========================================================================
Received Import Request.
  Time since last request: 0.000206 seconds.
  path: Assets/POLYGON city pack/Prefabs/Floor/Street 20 Prefab.prefab
  artifactKey: Guid(7de21ec9cb2ee3c4e8b383869c2b441a) Importer(815301076,1909f56bfc062723c751e8b465ee728b)
Start importing Assets/POLYGON city pack/Prefabs/Floor/Street 20 Prefab.prefab using Guid(7de21ec9cb2ee3c4e8b383869c2b441a) Importer(815301076,1909f56bfc062723c751e8b465ee728b)  -> (artifact id: '69bec9599372c1c960ad531c467a533a') in 0.022421 seconds 
  Import took 0.026189 seconds .

========================================================================
Received Import Request.
  Time since last request: 0.000288 seconds.
  path: Assets/POLYGON city pack/Prefabs/Floor/Sideway 9 prefab.prefab
  artifactKey: Guid(3e51558bab861cb4abd5698ff3cc1a4e) Importer(815301076,1909f56bfc062723c751e8b465ee728b)
Start importing Assets/POLYGON city pack/Prefabs/Floor/Sideway 9 prefab.prefab using Guid(3e51558bab861cb4abd5698ff3cc1a4e) Importer(815301076,1909f56bfc062723c751e8b465ee728b)  -> (artifact id: '75f0f58f77515fd1eac57e90fe31c72b') in 0.021982 seconds 
  Import took 0.025482 seconds .

========================================================================
Received Import Request.
  Time since last request: 0.000235 seconds.
  path: Assets/POLYGON city pack/Prefabs/Floor/Street 7 Prefab.prefab
  artifactKey: Guid(a48e7d2fc673f7e4ea6df4cffad97a56) Importer(815301076,1909f56bfc062723c751e8b465ee728b)
Start importing Assets/POLYGON city pack/Prefabs/Floor/Street 7 Prefab.prefab using Guid(a48e7d2fc673f7e4ea6df4cffad97a56) Importer(815301076,1909f56bfc062723c751e8b465ee728b)  -> (artifact id: '5e578b435b1f99a5af50d224e6c758e6') in 0.022264 seconds 
  Import took 0.025690 seconds .

========================================================================
Received Import Request.
  Time since last request: 0.000279 seconds.
  path: Assets/POLYGON city pack/Prefabs/Floor/Sideway 5 prefab.prefab
  artifactKey: Guid(a9da80f587bbf9046aefc4a4cfb8a7fc) Importer(815301076,1909f56bfc062723c751e8b465ee728b)
Start importing Assets/POLYGON city pack/Prefabs/Floor/Sideway 5 prefab.prefab using Guid(a9da80f587bbf9046aefc4a4cfb8a7fc) Importer(815301076,1909f56bfc062723c751e8b465ee728b)  -> (artifact id: 'c58b8c55f60c95a4edf1e40dfe3a3bf6') in 0.020951 seconds 
  Import took 0.024808 seconds .

========================================================================
Received Import Request.
  Time since last request: 0.000298 seconds.
  path: Assets/POLYGON city pack/Prefabs/Floor/Street 8 Prefab.prefab
  artifactKey: Guid(45374165b7b045b498462bc2d3987a31) Importer(815301076,1909f56bfc062723c751e8b465ee728b)
Start importing Assets/POLYGON city pack/Prefabs/Floor/Street 8 Prefab.prefab using Guid(45374165b7b045b498462bc2d3987a31) Importer(815301076,1909f56bfc062723c751e8b465ee728b)  -> (artifact id: 'ad3e399a07ee4e99629a1e1ac1a891b0') in 0.021626 seconds 
  Import took 0.025366 seconds .

========================================================================
Received Import Request.
  Time since last request: 0.000254 seconds.
  path: Assets/POLYGON city pack/Prefabs/Floor/Street 4 16M prefab.prefab
  artifactKey: Guid(589a02648855e174db02b948c97d6321) Importer(815301076,1909f56bfc062723c751e8b465ee728b)
Start importing Assets/POLYGON city pack/Prefabs/Floor/Street 4 16M prefab.prefab using Guid(589a02648855e174db02b948c97d6321) Importer(815301076,1909f56bfc062723c751e8b465ee728b)  -> (artifact id: 'cddb405cc289b878baf6ec81f1c8d3c9') in 0.019254 seconds 
  Import took 0.022725 seconds .

========================================================================
Received Import Request.
  Time since last request: 0.000205 seconds.
  path: Assets/POLYGON city pack/Prefabs/Floor/Street 17 Prefab.prefab
  artifactKey: Guid(ea27830310984ee42a182381495d5561) Importer(815301076,1909f56bfc062723c751e8b465ee728b)
Start importing Assets/POLYGON city pack/Prefabs/Floor/Street 17 Prefab.prefab using Guid(ea27830310984ee42a182381495d5561) Importer(815301076,1909f56bfc062723c751e8b465ee728b)  -> (artifact id: '5fc7536a332ae2194ffeb9756f16dccc') in 0.022284 seconds 
  Import took 0.025843 seconds .

========================================================================
Received Import Request.
  Time since last request: 0.000252 seconds.
  path: Assets/POLYGON city pack/Prefabs/Floor/Grass_stone_2_prefab.prefab
  artifactKey: Guid(4752f864e3118e64482c22f7a8d21b01) Importer(815301076,1909f56bfc062723c751e8b465ee728b)
Start importing Assets/POLYGON city pack/Prefabs/Floor/Grass_stone_2_prefab.prefab using Guid(4752f864e3118e64482c22f7a8d21b01) Importer(815301076,1909f56bfc062723c751e8b465ee728b)  -> (artifact id: 'b8507a37506023055328289fdf3e6746') in 0.020751 seconds 
  Import took 0.023736 seconds .

========================================================================
Received Import Request.
  Time since last request: 0.000295 seconds.
  path: Assets/POLYGON city pack/Prefabs/Floor/Street 18 Prefab.prefab
  artifactKey: Guid(c48fd6e7775d8e740a5b6f7fb5e4bdc3) Importer(815301076,1909f56bfc062723c751e8b465ee728b)
Start importing Assets/POLYGON city pack/Prefabs/Floor/Street 18 Prefab.prefab using Guid(c48fd6e7775d8e740a5b6f7fb5e4bdc3) Importer(815301076,1909f56bfc062723c751e8b465ee728b)  -> (artifact id: '3102b2a0ce35ce6ce13ba3f2ecc8c945') in 0.020883 seconds 
  Import took 0.023756 seconds .

AssetImportWorkerClient::OnTransportError - code=2 error=End of file
